\BOOKMARK [1][-]{section*.4}{\376\377\000I\000n\000t\000r\000o\000d\000u\000c\000t\000i\000o\000n}{}% 1
\BOOKMARK [1][-]{section.1}{\376\377\000C\000a\000h\000i\000e\000r\000\040\000d\000e\000s\000\040\000c\000h\000a\000r\000g\000e\000s}{}% 2
\BOOKMARK [2][-]{subsection.1.1}{\376\377\000O\000b\000j\000e\000c\000t\000i\000f\000s\000\040\000d\000\351\000t\000a\000i\000l\000l\000\351\000s}{section.1}% 3
\BOOKMARK [2][-]{subsection.1.2}{\376\377\000T\000a\000b\000l\000e\000\040\000d\000e\000s\000\040\000E\000n\000t\000r\000\351\000e\000s\000/\000S\000o\000r\000t\000i\000e\000s}{section.1}% 4
\BOOKMARK [2][-]{subsection.1.3}{\376\377\000S\000p\000\351\000c\000i\000f\000i\000c\000a\000t\000i\000o\000n\000s\000\040\000f\000o\000n\000c\000t\000i\000o\000n\000n\000e\000l\000l\000e\000s}{section.1}% 5
\BOOKMARK [3][-]{subsubsection.1.3.1}{\376\377\000A\000c\000q\000u\000i\000s\000i\000t\000i\000o\000n\000\040\000d\000e\000s\000\040\000d\000o\000n\000n\000\351\000e\000s}{subsection.1.3}% 6
\BOOKMARK [3][-]{subsubsection.1.3.2}{\376\377\000T\000r\000a\000i\000t\000e\000m\000e\000n\000t\000\040\000e\000t\000\040\000s\000t\000o\000c\000k\000a\000g\000e}{subsection.1.3}% 7
\BOOKMARK [3][-]{subsubsection.1.3.3}{\376\377\000I\000n\000t\000e\000r\000f\000a\000c\000e\000\040\000u\000t\000i\000l\000i\000s\000a\000t\000e\000u\000r}{subsection.1.3}% 8
\BOOKMARK [3][-]{subsubsection.1.3.4}{\376\377\000G\000e\000s\000t\000i\000o\000n\000\040\000d\000e\000\040\000l\000'\000\351\000n\000e\000r\000g\000i\000e}{subsection.1.3}% 9
\BOOKMARK [3][-]{subsubsection.1.3.5}{\376\377\000C\000o\000m\000m\000u\000n\000i\000c\000a\000t\000i\000o\000n}{subsection.1.3}% 10
\BOOKMARK [1][-]{section.2}{\376\377\000A\000n\000a\000l\000y\000s\000e\000\040\000t\000e\000c\000h\000n\000i\000q\000u\000e\000\040\000d\000e\000s\000\040\000c\000o\000m\000p\000o\000s\000a\000n\000t\000s}{}% 11
\BOOKMARK [2][-]{subsection.2.1}{\376\377\000C\000a\000r\000a\000c\000t\000\351\000r\000i\000s\000t\000i\000q\000u\000e\000s\000\040\000d\000u\000\040\000s\000h\000i\000e\000l\000d\000\040\000S\000T\000\040\000X\000-\000N\000U\000C\000L\000E\000O\000-\000I\000K\000S\0000\0001\000A\0003}{section.2}% 12
\BOOKMARK [2][-]{subsection.2.2}{\376\377\000\311\000t\000u\000d\000e\000\040\000d\000e\000s\000\040\000c\000a\000p\000t\000e\000u\000r\000s}{section.2}% 13
\BOOKMARK [3][-]{subsubsection.2.2.1}{\376\377\000T\000e\000m\000p\000\351\000r\000a\000t\000u\000r\000e\000,\000\040\000h\000u\000m\000i\000d\000i\000t\000\351\000\040\000e\000t\000\040\000p\000r\000e\000s\000s\000i\000o\000n}{subsection.2.2}% 14
\BOOKMARK [3][-]{subsubsection.2.2.2}{\376\377\000A\000n\000\351\000m\000o\000m\000\350\000t\000r\000e\000\040\000e\000t\000\040\000g\000i\000r\000o\000u\000e\000t\000t\000e}{subsection.2.2}% 15
\BOOKMARK [3][-]{subsubsection.2.2.3}{\376\377\000P\000l\000u\000v\000i\000o\000m\000\350\000t\000r\000e}{subsection.2.2}% 16
\BOOKMARK [1][-]{section.3}{\376\377\000A\000n\000a\000l\000y\000s\000e\000\040\000p\000r\000\351\000l\000i\000m\000i\000n\000a\000i\000r\000e}{}% 17
\BOOKMARK [2][-]{subsection.3.1}{\376\377\000O\000r\000g\000a\000n\000i\000s\000a\000t\000i\000o\000n\000\040\000d\000u\000\040\000s\000y\000s\000t\000\350\000m\000e}{section.3}% 18
\BOOKMARK [2][-]{subsection.3.2}{\376\377\000D\000i\000a\000g\000r\000a\000m\000m\000e\000\040\000d\000e\000s\000\040\000b\000o\000r\000d\000s\000\040\000d\000u\000\040\000m\000o\000d\000\350\000l\000e}{section.3}% 19
\BOOKMARK [2][-]{subsection.3.3}{\376\377\000D\000i\000a\000g\000r\000a\000m\000m\000e\000\040\000d\000e\000\040\000f\000l\000o\000t\000\040\000d\000e\000\040\000d\000o\000n\000n\000\351\000e\000s}{section.3}% 20
\BOOKMARK [2][-]{subsection.3.4}{\376\377\000D\000i\000a\000g\000r\000a\000m\000m\000e\000\040\000d\000e\000\040\000f\000l\000o\000t\000\040\000d\000'\000\351\000v\000\351\000n\000e\000m\000e\000n\000t\000s}{section.3}% 21
\BOOKMARK [2][-]{subsection.3.5}{\376\377\000M\000a\000c\000h\000i\000n\000e\000\040\000d\000'\000\351\000t\000a\000t\000s\000\040\000/\000\040\000G\000R\000A\000F\000C\000E\000T}{section.3}% 22
\BOOKMARK [2][-]{subsection.3.6}{\376\377\000T\000a\000b\000l\000e\000\040\000d\000e\000s\000\040\000i\000n\000t\000e\000r\000r\000u\000p\000t\000i\000o\000n\000s\000\040\000e\000t\000\040\000p\000r\000i\000o\000r\000i\000t\000\351\000s}{section.3}% 23
\BOOKMARK [1][-]{section.4}{\376\377\000I\000n\000t\000\351\000g\000r\000a\000t\000i\000o\000n\000\040\000e\000t\000\040\000v\000a\000l\000i\000d\000a\000t\000i\000o\000n\000\040\000f\000i\000n\000a\000l\000e}{}% 24
\BOOKMARK [1][-]{section.5}{\376\377\000T\000a\000b\000l\000e\000a\000u\000\040\000r\000\351\000c\000a\000p\000i\000t\000u\000l\000a\000t\000i\000f\000\040\000d\000e\000s\000\040\000f\000o\000n\000c\000t\000i\000o\000n\000n\000a\000l\000i\000t\000\351\000s}{}% 25
\BOOKMARK [1][-]{section*.13}{\376\377\000C\000o\000n\000c\000l\000u\000s\000i\000o\000n}{}% 26
